ISim log file
Running: C:\Users\evan\Documents\FIR filter\FIR\tb_filter_isim_beh.exe -intstyle ise -gui -tclbatch isim.cmd -wdb C:/Users/evan/Documents/FIR filter/FIR/tb_filter_isim_beh.wdb 
ISim P.20131013 (signature 0x7708f090)
WARNING: A WEBPACK license was found.
WARNING: Please use Xilinx License Configuration Manager to check out a full ISim license.
WARNING: ISim will run in Lite mode. Please refer to the ISim documentation for more information on the differences between the Lite and the Full version.
This is a Lite version of ISim.
Time resolution is 1 ps
# onerror resume
# wave add /
# run .05 s
Simulator is doing circuit initialization process.
 Block Memory Generator CORE Generator module loading initial data...
 Block Memory Generator data initialization complete.
Block Memory Generator CORE Generator module tb_filter.uut_FILTER.coefficients.inst.\native_mem_module.blk_mem_gen_v7_3_inst  is using a behavioral model for simulation which will not precisely model memory collision behavior.
 Block Memory Generator CORE Generator module loading initial data...
 Block Memory Generator data initialization complete.
Block Memory Generator CORE Generator module tb_filter.uut_FILTER.ynoisy.inst.\native_mem_module.blk_mem_gen_v7_3_inst  is using a behavioral model for simulation which will not precisely model memory collision behavior.
Finished circuit initialization process.
y = xxxxxxxx
y = 3c115b16
y = 3d20b190
y = 3d585ade
y = bbe0eca0
y = bdf70858
y = be01ebc3
y = 3c5b76e4
y = bdba8803
y = be72ff1c
y = bb426bc5
y = 3e19f44e
y = 3e78212a
y = 3e0c1d2c
y = 3dbb6859
y = 3ecfb95b
y = 3ea6a306
y = 3e1b606c
y = be60733e
y = be060a51
y = bd2daa92
y = bf22ebf5
y = bf02f8bd
y = bf6f97cc
y = bf559734
y = bf99eab4
y = bbc33200
y = 40a23b67
y = 3ffe04db
y = c0461f7e
y = 3fa6cc3c
y = 40682066
y = bf6fdcbe
y = c0c6b23e
y = c090664e
y = 40161d46
y = 40836778
y = c020ed3c
y = c09db4bb
y = 40cd0b62
y = 41146ddb
y = bf8fa683
y = c0a104d6
y = bfbee845
y = 3f9e0362
y = c05555d2
y = c0a9ddfb
y = 3f7b92e3
y = 40cd5c52
y = 4017ddbc
y = c0a6d177
y = 4035ab44
y = 40df336f
y = c054a744
y = c10aabfa
y = c0b10c17
y = 40db7e63
y = 40a4b577
y = c09db885
y = 3ff8529f
y = 408ab5d1
y = 3f8edf05
y = c05b9636
y = c0e115e1
y = 408c4835
y = 40fd5ad8
y = c0812789
y = c0b6ff36
y = 4054af24
y = 40bebb28
y = bffdd516
y = c0ee492e
y = 3e45c3df
y = 40aabb89
y = c08e9c4b
y = c10511dd
y = 400dcd93
y = 41034635
y = 4060a7e5
y = bf354c8d
y = 3fa70fee
y = 406f173c
y = 3eabcd32
y = c102d36e
y = c0ed94e5
y = 405851d8
y = 40381c06
y = c051f620
y = 3e5702ea
y = 40e63d72
y = 40ce286e
y = c05ea67d
y = c0b6107c
y = bf3d220a
y = bf64071c
y = c0000d56
y = c05fc790
y = 402054d7
y = 411d41e3
y = 4008d213
y = c09f9e36
y = bfd29ff3
y = 3fb82895
y = c07d80ec
y = c0df95d0
y = 3eef9940
y = 40af23e7
y = 40be8855
y = 3e142ab3
y = c05e6a84
y = 40911189
y = 40990069
y = c091f13c
y = c103392f
y = bf7ee7cf
y = 406b7c57
y = c021e3ab
y = bff29e2d
y = 4072b10d
y = 408723eb
y = 3f9eff67
y = bfad7d0a
y = 40084559
y = 3f6901ff
y = c0dd523a
y = c0f246a4
y = bf1feb8b
y = 40ea3ff5
y = 40be6f2e
y = c05883fc
y = c01d76ac
y = 40db2d03
y = 406b9fbc
y = c0f88901
y = c0c51908
y = 4034bc3f
y = 3fb0c814
y = c014083a
y = 401d7b6c
Stopped at time : 19159600 ns : File "C:/Users/evan/Documents/FIR filter/FIR/tb_filter.v" Line 42
