INFO:sim:172 - Generating IP...
WARNING:sim - Verilog simulation file type 'Behavioral' is not valid for this
   core. Overriding with simulation file type 'Structural'.
Resolving generics for 'SUB'...
WARNING:sim - Verilog simulation file type 'Behavioral' is not valid for this
   core. Overriding with simulation file type 'Structural'.
Applying external generics to 'SUB'...
Delivering associated files for 'SUB'...
Generating implementation netlist for 'SUB'...
INFO:sim - Pre-processing HDL files for 'SUB'...
Running synthesis for 'SUB'
Running ngcbuild...
Writing VEO instantiation template for 'SUB'...
WARNING:sim - Verilog simulation file type 'Behavioral' is not valid for this
   core. Overriding with simulation file type 'Structural'.
Writing Verilog structural simulation model for 'SUB'...
WARNING:sim - Verilog simulation file type 'Behavioral' is not valid for this
   core. Overriding with simulation file type 'Structural'.
Delivered 3 files into directory
C:/Users/bvogelhe/Desktop/FFT_FPGA/FINAL_NEW/ipcore_dir/tmp/_cg/SUB
Generating ASY schematic symbol...
INFO:sim:949 - Finished generation of ASY schematic symbol.
Generating SYM schematic symbol for 'SUB'...
Generating metadata file...
Generating ISE project...
XCO file found: SUB.xco
XMDF file found: SUB_xmdf.tcl
Adding C:/Users/bvogelhe/Desktop/FFT_FPGA/FINAL_NEW/ipcore_dir/tmp/_cg/SUB.asy
-view all -origin_type imported
Adding C:/Users/bvogelhe/Desktop/FFT_FPGA/FINAL_NEW/ipcore_dir/tmp/_cg/SUB.ngc
-view all -origin_type created
Checking file
"C:/Users/bvogelhe/Desktop/FFT_FPGA/FINAL_NEW/ipcore_dir/tmp/_cg/SUB.ngc" for
project device match ...
File "C:/Users/bvogelhe/Desktop/FFT_FPGA/FINAL_NEW/ipcore_dir/tmp/_cg/SUB.ngc"
device information matches project device.
Adding C:/Users/bvogelhe/Desktop/FFT_FPGA/FINAL_NEW/ipcore_dir/tmp/_cg/SUB.sym
-view all -origin_type imported
Adding C:/Users/bvogelhe/Desktop/FFT_FPGA/FINAL_NEW/ipcore_dir/tmp/_cg/SUB.v
-view all -origin_type created
INFO:HDLCompiler:1845 - Analyzing Verilog file
   "C:/Users/bvogelhe/Desktop/FFT_FPGA/FINAL_NEW/ipcore_dir/tmp/_cg/SUB.v" into
   library work
INFO:ProjectMgmt - Parsing design hierarchy completed successfully.
Adding C:/Users/bvogelhe/Desktop/FFT_FPGA/FINAL_NEW/ipcore_dir/tmp/_cg/SUB.veo
-view all -origin_type imported
INFO:TclTasksC:2116 - The automatic calculation of top has been turned-off.
   Please set the new top explicitly by running the "project set top" command.
   To re-calculate the new top automatically, set the "Auto Implementation Top"
   property to true.
Top level has been set to "/SUB"
Generating README file...
Generating FLIST file...
INFO:sim:948 - Finished FLIST file generation.
Launching README viewer...
Moving files to output directory...
Finished moving files to output directory
Wrote CGP file for project 'SUB'.
